2023-12-06 15:15:46.220  DEBUG [main] c.y.m.f.WindowsMusicFactory - song: “¯¡Ÿ: ∞◊‘Î“Ù   328, path: D:\myCode\formal-projects\simple-media-player\rain-media-player\src\test\resources\1.mp3
2023-12-06 15:15:46.223  INFO  [main] c.y.mp3Tests - music: AbstractMp3Music(songName=∞◊‘Î“Ù, artist=“¯¡Ÿ, lengthOfSecond=328, filePath=D:\myCode\formal-projects\simple-media-player\rain-media-player\src\test\resources\1.mp3, state=null)
2023-12-06 15:16:59.555  DEBUG [main] c.y.m.f.WindowsMusicFactory - mp3song-“¯¡Ÿ: ∞◊‘Î“Ù   328, path: D:\myCode\formal-projects\simple-media-player\rain-media-player\src\test\resources\1.mp3
2023-12-06 15:16:59.558  INFO  [main] c.y.mp3Tests - music: AbstractMp3Music(songName=∞◊‘Î“Ù, artist=“¯¡Ÿ, lengthOfSecond=328, filePath=D:\myCode\formal-projects\simple-media-player\rain-media-player\src\test\resources\1.mp3, state=null)
2023-12-06 15:17:59.063  DEBUG [main] c.y.m.f.WindowsMusicFactory - mp3song-“¯¡Ÿ: ∞◊‘Î“Ù   328, path: D:\myCode\formal-projects\simple-media-player\rain-media-player\src\test\resources\1.mp3, state: com.yelanyanyu.music.music_file.impl.OriginMusicState@a1153bc
2023-12-06 15:17:59.066  INFO  [main] c.y.mp3Tests - music: AbstractMp3Music(songName=∞◊‘Î“Ù, artist=“¯¡Ÿ, lengthOfSecond=328, filePath=D:\myCode\formal-projects\simple-media-player\rain-media-player\src\test\resources\1.mp3, state=com.yelanyanyu.music.music_file.impl.OriginMusicState@a1153bc)
2023-12-06 16:43:53.096  DEBUG [main] c.y.m.PlayerDecorator - thread: null
2023-12-06 16:44:03.235  DEBUG [main] c.y.m.PlayerDecorator - thread: null
2023-12-06 16:44:33.334  DEBUG [main] c.y.m.PlayerDecorator - thread: null
2023-12-06 16:44:33.337  DEBUG [main] c.y.m.PlayerDecorator - start...
2023-12-06 16:44:43.489  DEBUG [main] c.y.m.PlayerDecorator - thread: null
2023-12-06 16:44:43.490  DEBUG [main] c.y.m.PlayerDecorator - start...
2023-12-06 17:22:11.228  DEBUG [Thread-0] c.y.m.PlayerDecorator - thread run...
2023-12-06 17:23:32.011  DEBUG [Thread-0] c.y.m.PlayerDecorator - thread run...
2023-12-06 17:24:28.640  DEBUG [Thread-0] c.y.m.PlayerDecorator - thread run...
2023-12-06 17:25:00.682  DEBUG [Thread-0] c.y.m.PlayerDecorator - thread run...
2023-12-06 17:30:32.891  DEBUG [Thread-0] c.y.m.PlayerDecorator - thread run...
2023-12-06 17:30:41.573  DEBUG [Thread-0] c.y.m.PlayerDecorator - thread run...
2023-12-06 17:35:10.095  DEBUG [Thread-0] c.y.m.PlayerDecorator - thread run...
2023-12-06 17:38:47.812  DEBUG [Thread-0] c.y.m.PlayerDecorator - thread run...
2023-12-06 17:39:34.491  DEBUG [Thread-0] c.y.m.PlayerDecorator - thread run...
2023-12-06 17:40:16.109  DEBUG [Thread-0] c.y.m.PlayerDecorator - thread run...
2023-12-06 17:48:35.491  DEBUG [Thread-0] c.y.m.PlayerDecorator - thread run...
